mode: atomic
_/Users/haluan/Documents/koneksee/main.go:6.13,9.2 2 0
_/Users/haluan/Documents/koneksee/Router.go:17.15,23.2 5 0
_/Users/haluan/Documents/koneksee/Router.go:25.45,29.2 3 0
_/Users/haluan/Documents/koneksee/Router.go:30.43,44.2 10 0
_/Users/haluan/Documents/koneksee/Router.go:46.58,54.22 6 0
_/Users/haluan/Documents/koneksee/Router.go:58.2,58.9 1 0
_/Users/haluan/Documents/koneksee/Router.go:54.22,56.3 1 0
_/Users/haluan/Documents/koneksee/Router.go:59.2,60.9 1 0
_/Users/haluan/Documents/koneksee/Router.go:61.2,62.9 1 0
_/Users/haluan/Documents/koneksee/Router.go:64.2,68.20 4 0
_/Users/haluan/Documents/koneksee/Router.go:68.20,71.4 2 0
